Removed Pin From Net: NetName=T-SENSOR_0 Pin=J304-1
Removed Pin From Net: NetName=T-SENSOR_1 Pin=J304-2
Removed Pin From Net: NetName=T-SENSOR_2 Pin=J304-3
Removed Pin From Net: NetName=T-SENSOR_3 Pin=J304-4
Removed Pin From Net: NetName=T-SENSOR_4 Pin=J304-5
Removed Pin From Net: NetName=T-SENSOR_5 Pin=J304-6
Removed Pin From Net: NetName=T-SENSOR_6 Pin=J304-7
Removed Pin From Net: NetName=T-SENSOR_7 Pin=J304-8
Removed Pin From Net: NetName=GND Pin=J304-9
Removed Pin From Net: NetName=GND Pin=J304-10
Removed Pin From Net: NetName=GND Pin=J304-11
Removed Pin From Net: NetName=GND Pin=J304-12
Removed Pin From Net: NetName=GND Pin=J304-13
Removed Pin From Net: NetName=GND Pin=J304-14
Removed Pin From Net: NetName=GND Pin=J304-15
Removed Pin From Net: NetName=GND Pin=J304-16
Removed Pin From Net: NetName=T-SENSOR_8 Pin=J307-1
Removed Pin From Net: NetName=T-SENSOR_9 Pin=J307-2
Removed Pin From Net: NetName=T-SENSOR_10 Pin=J307-3
Removed Pin From Net: NetName=T-SENSOR_11 Pin=J307-4
Removed Pin From Net: NetName=T-SENSOR_12 Pin=J307-5
Removed Pin From Net: NetName=T-SENSOR_13 Pin=J307-6
Removed Pin From Net: NetName=T-SENSOR_14 Pin=J307-7
Removed Pin From Net: NetName=T-SENSOR_15 Pin=J307-8
Removed Pin From Net: NetName=GND Pin=J307-9
Removed Pin From Net: NetName=GND Pin=J307-10
Removed Pin From Net: NetName=GND Pin=J307-11
Removed Pin From Net: NetName=GND Pin=J307-12
Removed Pin From Net: NetName=GND Pin=J307-13
Removed Pin From Net: NetName=GND Pin=J307-14
Removed Pin From Net: NetName=GND Pin=J307-15
Removed Pin From Net: NetName=GND Pin=J307-16
Add component: Footprint Not Found Pinheader_2.54_2
Added Pin To Net: NetName=GND Pin=J304-1
Added Pin To Net: NetName=GND Pin=J304-2
Added Pin To Net: NetName=GND Pin=J304-3
Added Pin To Net: NetName=GND Pin=J304-4
Added Pin To Net: NetName=GND Pin=J304-5
Added Pin To Net: NetName=GND Pin=J304-6
Added Pin To Net: NetName=GND Pin=J304-7
Added Pin To Net: NetName=GND Pin=J304-8
Added Pin To Net: NetName=T-SENSOR_7 Pin=J304-9
Added Pin To Net: NetName=T-SENSOR_6 Pin=J304-10
Added Pin To Net: NetName=T-SENSOR_5 Pin=J304-11
Added Pin To Net: NetName=T-SENSOR_4 Pin=J304-12
Added Pin To Net: NetName=T-SENSOR_3 Pin=J304-13
Added Pin To Net: NetName=T-SENSOR_2 Pin=J304-14
Added Pin To Net: NetName=T-SENSOR_1 Pin=J304-15
Added Pin To Net: NetName=T-SENSOR_0 Pin=J304-16
Added Pin To Net: NetName=GND Pin=J307-1
Added Pin To Net: NetName=GND Pin=J307-2
Added Pin To Net: NetName=GND Pin=J307-3
Added Pin To Net: NetName=GND Pin=J307-4
Added Pin To Net: NetName=GND Pin=J307-5
Added Pin To Net: NetName=GND Pin=J307-6
Added Pin To Net: NetName=GND Pin=J307-7
Added Pin To Net: NetName=GND Pin=J307-8
Added Pin To Net: NetName=T-SENSOR_15 Pin=J307-9
Added Pin To Net: NetName=T-SENSOR_14 Pin=J307-10
Added Pin To Net: NetName=T-SENSOR_13 Pin=J307-11
Added Pin To Net: NetName=T-SENSOR_12 Pin=J307-12
Added Pin To Net: NetName=T-SENSOR_11 Pin=J307-13
Added Pin To Net: NetName=T-SENSOR_10 Pin=J307-14
Added Pin To Net: NetName=T-SENSOR_9 Pin=J307-15
Added Pin To Net: NetName=T-SENSOR_8 Pin=J307-16
Add Pin To Net: Unknown Pin: Pin J?-1
Add Pin To Net: Unknown Pin: Pin J?-2
Add Class Member: Failed to add class member : Component J? gen_pinheader_2.54_2
